<?xml version="1.0" encoding="UTF-8"?>
<!-- Generated by org.testng.reporters.JUnitReportReporter -->
<testsuite hostname="DESKTOP-UDH29V5" failures="0" tests="2" name="SimpleTests.TestSuite_SimpleTests_01_NoGUI" time="0.005" errors="0" timestamp="2023-12-12T19:44:51 PST" skipped="0">
  <testcase classname="SimpleTests.TestSuite_SimpleTests_01_NoGUI" name="Test_Print_01" time="0.005"/>
  <system-out/>
  <testcase classname="SimpleTests.TestSuite_SimpleTests_01_NoGUI" name="Test_Print_02" time="0.000"/>
  <system-out/>
</testsuite> <!-- SimpleTests.TestSuite_SimpleTests_01_NoGUI -->
